Using pre-set license
Built from '2021.3/staging' branch; Version is '2021.3.21f1 (1b156197d683) revision 1774945'; Using compiler version '192829333'; Build Type 'Release'
OS: 'Windows 10  (10.0.19045) 64bit Professional' Language: 'en' Physical Memory: 15789 MB
BatchMode: 1, IsHumanControllingUs: 0, StartBugReporterOnCrash: 0, Is64bit: 1, IsPro: 1

COMMAND LINE ARGUMENTS:
C:\Program Files\Unity\Hub\Editor\2021.3.21f1\Editor\Unity.exe
-adb2
-batchMode
-noUpm
-name
AssetImportWorker8
-projectPath
C:/A.Facultate/a.FACULTATE/GD/DriveTheBall
-logFile
Logs/AssetImportWorker8.log
-srvPort
58666
Successfully changed project path to: C:/A.Facultate/a.FACULTATE/GD/DriveTheBall
C:/A.Facultate/a.FACULTATE/GD/DriveTheBall
[UnityMemory] Configuration Parameters - Can be set up in boot.config
    "memorysetup-bucket-allocator-granularity=16"
    "memorysetup-bucket-allocator-bucket-count=8"
    "memorysetup-bucket-allocator-block-size=33554432"
    "memorysetup-bucket-allocator-block-count=8"
    "memorysetup-main-allocator-block-size=16777216"
    "memorysetup-thread-allocator-block-size=16777216"
    "memorysetup-gfx-main-allocator-block-size=16777216"
    "memorysetup-gfx-thread-allocator-block-size=16777216"
    "memorysetup-cache-allocator-block-size=4194304"
    "memorysetup-typetree-allocator-block-size=2097152"
    "memorysetup-profiler-bucket-allocator-granularity=16"
    "memorysetup-profiler-bucket-allocator-bucket-count=8"
    "memorysetup-profiler-bucket-allocator-block-size=33554432"
    "memorysetup-profiler-bucket-allocator-block-count=8"
    "memorysetup-profiler-allocator-block-size=16777216"
    "memorysetup-profiler-editor-allocator-block-size=1048576"
    "memorysetup-temp-allocator-size-main=16777216"
    "memorysetup-job-temp-allocator-block-size=2097152"
    "memorysetup-job-temp-allocator-block-size-background=1048576"
    "memorysetup-job-temp-allocator-reduction-small-platforms=262144"
    "memorysetup-temp-allocator-size-background-worker=32768"
    "memorysetup-temp-allocator-size-job-worker=262144"
    "memorysetup-temp-allocator-size-preload-manager=33554432"
    "memorysetup-temp-allocator-size-nav-mesh-worker=65536"
    "memorysetup-temp-allocator-size-audio-worker=65536"
    "memorysetup-temp-allocator-size-cloud-worker=32768"
    "memorysetup-temp-allocator-size-gi-baking-worker=262144"
    "memorysetup-temp-allocator-size-gfx=262144"
Player connection [10384] Host "[IP] 192.168.100.12 [Port] 0 [Flags] 2 [Guid] 1346422219 [EditorId] 1346422219 [Version] 1048832 [Id] WindowsEditor(7,DESKTOP-NA6QJV6) [Debug] 1 [PackageName] WindowsEditor [ProjectName] Editor" joined multi-casting on [225.0.0.222:54997]...

Player connection [10384] Host "[IP] 192.168.100.12 [Port] 0 [Flags] 2 [Guid] 1346422219 [EditorId] 1346422219 [Version] 1048832 [Id] WindowsEditor(7,DESKTOP-NA6QJV6) [Debug] 1 [PackageName] WindowsEditor [ProjectName] Editor" joined alternative multi-casting on [225.0.0.222:34997]...

Refreshing native plugins compatible for Editor in 83.58 ms, found 4 plugins.
Preloading 0 native plugins for Editor in 0.00 ms.
Initialize engine version: 2021.3.21f1 (1b156197d683)
[Subsystems] Discovering subsystems at path C:/Program Files/Unity/Hub/Editor/2021.3.21f1/Editor/Data/Resources/UnitySubsystems
[Subsystems] Discovering subsystems at path C:/A.Facultate/a.FACULTATE/GD/DriveTheBall/Assets
GfxDevice: creating device client; threaded=0; jobified=0
Direct3D:
    Version:  Direct3D 11.0 [level 11.1]
    Renderer: NVIDIA GeForce RTX 2060 (ID=0x1f15)
    Vendor:   NVIDIA
    VRAM:     5968 MB
    Driver:   31.0.15.3118
Initialize mono
Mono path[0] = 'C:/Program Files/Unity/Hub/Editor/2021.3.21f1/Editor/Data/Managed'
Mono path[1] = 'C:/Program Files/Unity/Hub/Editor/2021.3.21f1/Editor/Data/MonoBleedingEdge/lib/mono/unityjit-win32'
Mono config path = 'C:/Program Files/Unity/Hub/Editor/2021.3.21f1/Editor/Data/MonoBleedingEdge/etc'
Using monoOptions --debugger-agent=transport=dt_socket,embedding=1,server=y,suspend=n,address=127.0.0.1:56944
Begin MonoManager ReloadAssembly
Registering precompiled unity dll's ...
Register platform support module: C:/Program Files/Unity/Hub/Editor/2021.3.21f1/Editor/Data/PlaybackEngines/WebGLSupport/UnityEditor.WebGL.Extensions.dll
Register platform support module: C:/Program Files/Unity/Hub/Editor/2021.3.21f1/Editor/Data/PlaybackEngines/AndroidPlayer/UnityEditor.Android.Extensions.dll
Register platform support module: C:/Program Files/Unity/Hub/Editor/2021.3.21f1/Editor/Data/PlaybackEngines/WindowsStandaloneSupport/UnityEditor.WindowsStandalone.Extensions.dll
Registered in 0.007594 seconds.
Native extension for WindowsStandalone target not found
Native extension for Android target not found
Android Extension - Scanning For ADB Devices 263 ms
Native extension for WebGL target not found
Refreshing native plugins compatible for Editor in 82.95 ms, found 4 plugins.
Preloading 0 native plugins for Editor in 0.00 ms.
Mono: successfully reloaded assembly
- Completed reload, in  0.889 seconds
Domain Reload Profiling:
	ReloadAssembly (889ms)
		BeginReloadAssembly (76ms)
			ExecutionOrderSort (0ms)
			DisableScriptedObjects (0ms)
			BackupInstance (0ms)
			ReleaseScriptingObjects (0ms)
			CreateAndSetChildDomain (1ms)
		EndReloadAssembly (719ms)
			LoadAssemblies (75ms)
			RebuildTransferFunctionScriptingTraits (0ms)
			SetupTypeCache (105ms)
			ReleaseScriptCaches (0ms)
			RebuildScriptCaches (25ms)
			SetupLoadedEditorAssemblies (542ms)
				LogAssemblyErrors (0ms)
				InitializePlatformSupportModulesInManaged (340ms)
				SetLoadedEditorAssemblies (0ms)
				RefreshPlugins (83ms)
				BeforeProcessingInitializeOnLoad (1ms)
				ProcessInitializeOnLoadAttributes (80ms)
				ProcessInitializeOnLoadMethodAttributes (39ms)
				AfterProcessingInitializeOnLoad (0ms)
				EditorAssembliesLoaded (0ms)
			ExecutionOrderSort2 (0ms)
			AwakeInstancesAfterBackupRestoration (0ms)
Platform modules already initialized, skipping
Registering precompiled user dll's ...
Registered in 0.005918 seconds.
Begin MonoManager ReloadAssembly
Symbol file LoadedFromMemory doesn't match image C:\A.Facultate\a.FACULTATE\GD\DriveTheBall\Library\PackageCache\com.unity.visualscripting@1.8.0\Editor\VisualScripting.Core\Dependencies\YamlDotNet\Unity.VisualScripting.YamlDotNet.dll
Symbol file LoadedFromMemory doesn't match image C:\A.Facultate\a.FACULTATE\GD\DriveTheBall\Library\PackageCache\com.unity.visualscripting@1.8.0\Editor\VisualScripting.Core\Dependencies\DotNetZip\Unity.VisualScripting.IonicZip.dll
Native extension for WindowsStandalone target not found
Native extension for Android target not found
Native extension for WebGL target not found
Refreshing native plugins compatible for Editor in 80.56 ms, found 4 plugins.
Preloading 0 native plugins for Editor in 0.00 ms.
Mono: successfully reloaded assembly
- Completed reload, in  1.023 seconds
Domain Reload Profiling:
	ReloadAssembly (1024ms)
		BeginReloadAssembly (111ms)
			ExecutionOrderSort (0ms)
			DisableScriptedObjects (5ms)
			BackupInstance (0ms)
			ReleaseScriptingObjects (0ms)
			CreateAndSetChildDomain (21ms)
		EndReloadAssembly (810ms)
			LoadAssemblies (80ms)
			RebuildTransferFunctionScriptingTraits (0ms)
			SetupTypeCache (217ms)
			ReleaseScriptCaches (1ms)
			RebuildScriptCaches (50ms)
			SetupLoadedEditorAssemblies (415ms)
				LogAssemblyErrors (0ms)
				InitializePlatformSupportModulesInManaged (16ms)
				SetLoadedEditorAssemblies (0ms)
				RefreshPlugins (81ms)
				BeforeProcessingInitializeOnLoad (83ms)
				ProcessInitializeOnLoadAttributes (188ms)
				ProcessInitializeOnLoadMethodAttributes (39ms)
				AfterProcessingInitializeOnLoad (7ms)
				EditorAssembliesLoaded (0ms)
			ExecutionOrderSort2 (0ms)
			AwakeInstancesAfterBackupRestoration (5ms)
Platform modules already initialized, skipping
========================================================================
Worker process is ready to serve import requests
Launched and connected shader compiler UnityShaderCompiler.exe after 0.04 seconds
Refreshing native plugins compatible for Editor in 0.74 ms, found 4 plugins.
Preloading 0 native plugins for Editor in 0.00 ms.
Unloading 3734 Unused Serialized files (Serialized files now loaded: 0)
Unloading 41 unused Assets / (229.4 KB). Loaded Objects now: 4189.
Memory consumption went from 142.6 MB to 142.4 MB.
Total: 3.653000 ms (FindLiveObjects: 0.412900 ms CreateObjectMapping: 0.184400 ms MarkObjects: 2.889300 ms  DeleteObjects: 0.165000 ms)

AssetImportParameters requested are different than current active one (requested -> active):
  custom:video-decoder-ogg-theora: a1e56fd34408186e4bbccfd4996cb3dc -> 
  custom:container-muxer-webm: aa71ff27fc2769a1b78a27578f13a17b -> 
  custom:container-demuxer-webm: 4f35f7cbe854078d1ac9338744f61a02 -> 
  custom:video-encoder-webm-vp8: eb34c28f22e8b96e1ab97ce403110664 -> 
  custom:audio-encoder-webm-vorbis: bf7c407c2cedff20999df2af8eb42d56 -> 
  custom:framework-win-MediaFoundation: 216162199b28c13a410421893ffa2e32 -> 
  custom:container-demuxer-ogg: 62fdf1f143b41e24485cea50d1cbac27 -> 
  custom:video-decoder-webm-vp8: 9c59270c3fd7afecdb556c50c9e8de78 -> 
  custom:audio-decoder-ogg-vorbis: bf7c407c2cedff20999df2af8eb42d56 -> 
========================================================================
Received Import Request.
  Time since last request: 61469.265690 seconds.
  path: Assets/Pixel Adventure 1/Assets/Terrain/Terrain (16x16) 1.png
  artifactKey: Guid(413986c4a668c374d8de72a47621b531) Importer(815301076,1909f56bfc062723c751e8b465ee728b)
Start importing Assets/Pixel Adventure 1/Assets/Terrain/Terrain (16x16) 1.png using Guid(413986c4a668c374d8de72a47621b531) Importer(815301076,1909f56bfc062723c751e8b465ee728b)  -> (artifact id: '6e9c46285d45f5bb659c7080ca1c62ae') in 0.379920 seconds 
========================================================================
Received Import Request.
  Time since last request: 219.394673 seconds.
  path: Assets/Pixel Adventure 1/Assets/Terrain/Terrain (16x16) 1.png
  artifactKey: Guid(413986c4a668c374d8de72a47621b531) Importer(815301076,1909f56bfc062723c751e8b465ee728b)
Start importing Assets/Pixel Adventure 1/Assets/Terrain/Terrain (16x16) 1.png using Guid(413986c4a668c374d8de72a47621b531) Importer(815301076,1909f56bfc062723c751e8b465ee728b)  -> (artifact id: 'd6f193a020f6739e1cf3a43c26caa712') in 0.241405 seconds 
========================================================================
Received Import Request.
  Time since last request: 14.975219 seconds.
  path: Assets/Pixel Adventure 1/Assets/Terrain/Tiles/Terrain (16x16)_61.asset
  artifactKey: Guid(746885ee73a047144bab8d2638b7d50d) Importer(815301076,1909f56bfc062723c751e8b465ee728b)
Start importing Assets/Pixel Adventure 1/Assets/Terrain/Tiles/Terrain (16x16)_61.asset using Guid(746885ee73a047144bab8d2638b7d50d) Importer(815301076,1909f56bfc062723c751e8b465ee728b)  -> (artifact id: 'ec3c3dbb422217890b530ec95b39cb1d') in 0.024387 seconds 
========================================================================
Received Import Request.
  Time since last request: 0.000034 seconds.
  path: Assets/Pixel Adventure 1/Assets/Terrain/Tiles/Terrain (16x16)_69.asset
  artifactKey: Guid(e5dfa88da779bdb45a73e0ee6374733f) Importer(815301076,1909f56bfc062723c751e8b465ee728b)
Start importing Assets/Pixel Adventure 1/Assets/Terrain/Tiles/Terrain (16x16)_69.asset using Guid(e5dfa88da779bdb45a73e0ee6374733f) Importer(815301076,1909f56bfc062723c751e8b465ee728b)  -> (artifact id: 'e620b20ebd046947400d33b1849282cf') in 0.018350 seconds 
========================================================================
Received Import Request.
  Time since last request: 0.000058 seconds.
  path: Assets/Pixel Adventure 1/Assets/Terrain/Tiles/Terrain (16x16)_70.asset
  artifactKey: Guid(7277efe1169d48541a91793dfaef6a64) Importer(815301076,1909f56bfc062723c751e8b465ee728b)
Start importing Assets/Pixel Adventure 1/Assets/Terrain/Tiles/Terrain (16x16)_70.asset using Guid(7277efe1169d48541a91793dfaef6a64) Importer(815301076,1909f56bfc062723c751e8b465ee728b)  -> (artifact id: '96b68b128a26805e803324a746242b0d') in 0.016222 seconds 
========================================================================
Received Import Request.
  Time since last request: 0.000036 seconds.
  path: Assets/Pixel Adventure 1/Assets/Terrain/Tiles/Terrain (16x16)_64.asset
  artifactKey: Guid(ea9fbe04fd1722e4aac5070acc49acde) Importer(815301076,1909f56bfc062723c751e8b465ee728b)
Start importing Assets/Pixel Adventure 1/Assets/Terrain/Tiles/Terrain (16x16)_64.asset using Guid(ea9fbe04fd1722e4aac5070acc49acde) Importer(815301076,1909f56bfc062723c751e8b465ee728b)  -> (artifact id: '8d06e285b1244e2511d4175ffa44b5c4') in 0.017830 seconds 
========================================================================
Received Import Request.
  Time since last request: 0.000025 seconds.
  path: Assets/Pixel Adventure 1/Assets/Terrain/Tiles/Terrain (16x16)_73.asset
  artifactKey: Guid(c4c48e1f14e0d2d40bc5e6881231a37b) Importer(815301076,1909f56bfc062723c751e8b465ee728b)
Start importing Assets/Pixel Adventure 1/Assets/Terrain/Tiles/Terrain (16x16)_73.asset using Guid(c4c48e1f14e0d2d40bc5e6881231a37b) Importer(815301076,1909f56bfc062723c751e8b465ee728b)  -> (artifact id: '08277415cfd19ac74cfd78eb1eface64') in 0.014021 seconds 
========================================================================
Received Import Request.
  Time since last request: 0.000029 seconds.
  path: Assets/Pixel Adventure 1/Assets/Terrain/Tiles/Terrain (16x16)_83.asset
  artifactKey: Guid(84939c104e5de3041840b92eb75b8d29) Importer(815301076,1909f56bfc062723c751e8b465ee728b)
Start importing Assets/Pixel Adventure 1/Assets/Terrain/Tiles/Terrain (16x16)_83.asset using Guid(84939c104e5de3041840b92eb75b8d29) Importer(815301076,1909f56bfc062723c751e8b465ee728b)  -> (artifact id: '877e7c25efe74e940bbcbae6050ef662') in 0.017127 seconds 
========================================================================
Received Import Request.
  Time since last request: 0.000026 seconds.
  path: Assets/Pixel Adventure 1/Assets/Terrain/Tiles/Terrain (16x16)_74.asset
  artifactKey: Guid(498e1461f3bb59d4587f518026696dd6) Importer(815301076,1909f56bfc062723c751e8b465ee728b)
Start importing Assets/Pixel Adventure 1/Assets/Terrain/Tiles/Terrain (16x16)_74.asset using Guid(498e1461f3bb59d4587f518026696dd6) Importer(815301076,1909f56bfc062723c751e8b465ee728b)  -> (artifact id: 'b4677b4538efbc70ba675f837f820e16') in 0.014256 seconds 
========================================================================
Received Import Request.
  Time since last request: 0.000031 seconds.
  path: Assets/Pixel Adventure 1/Assets/Terrain/Tiles/Terrain (16x16)_75.asset
  artifactKey: Guid(53af5bb0654d9f3479a962934c5e43f3) Importer(815301076,1909f56bfc062723c751e8b465ee728b)
Start importing Assets/Pixel Adventure 1/Assets/Terrain/Tiles/Terrain (16x16)_75.asset using Guid(53af5bb0654d9f3479a962934c5e43f3) Importer(815301076,1909f56bfc062723c751e8b465ee728b)  -> (artifact id: '2476a11fee2565c80996b571dcf91fa8') in 0.014697 seconds 
========================================================================
Received Import Request.
  Time since last request: 0.000034 seconds.
  path: Assets/Pixel Adventure 1/Assets/Terrain/Tiles/Terrain (16x16)_65.asset
  artifactKey: Guid(238207ce3cfb71b4daded5877c536b98) Importer(815301076,1909f56bfc062723c751e8b465ee728b)
Start importing Assets/Pixel Adventure 1/Assets/Terrain/Tiles/Terrain (16x16)_65.asset using Guid(238207ce3cfb71b4daded5877c536b98) Importer(815301076,1909f56bfc062723c751e8b465ee728b)  -> (artifact id: '485923b405dbbf324e4dc10fed0f18ed') in 0.015003 seconds 
========================================================================
Received Import Request.
  Time since last request: 0.000218 seconds.
  path: Assets/Pixel Adventure 1/Assets/Terrain/Tiles/Terrain (16x16)_71.asset
  artifactKey: Guid(37dd5e7ac55eaca49b6363e62c9f7269) Importer(815301076,1909f56bfc062723c751e8b465ee728b)
Start importing Assets/Pixel Adventure 1/Assets/Terrain/Tiles/Terrain (16x16)_71.asset using Guid(37dd5e7ac55eaca49b6363e62c9f7269) Importer(815301076,1909f56bfc062723c751e8b465ee728b)  -> (artifact id: 'bf52e61e6fb3482bdf1ba6277903897e') in 0.026084 seconds 
========================================================================
Received Import Request.
  Time since last request: 0.000024 seconds.
  path: Assets/Pixel Adventure 1/Assets/Terrain/Tiles/Terrain (16x16)_63.asset
  artifactKey: Guid(22da1523335f9634792dd7f9bcbbb4e1) Importer(815301076,1909f56bfc062723c751e8b465ee728b)
Start importing Assets/Pixel Adventure 1/Assets/Terrain/Tiles/Terrain (16x16)_63.asset using Guid(22da1523335f9634792dd7f9bcbbb4e1) Importer(815301076,1909f56bfc062723c751e8b465ee728b)  -> (artifact id: '5467a5fb15fd1107e4da6f71790a0290') in 0.014189 seconds 
========================================================================
Received Import Request.
  Time since last request: 0.000022 seconds.
  path: Assets/Pixel Adventure 1/Assets/Terrain/Tiles/Terrain (16x16)_76.asset
  artifactKey: Guid(fa4798d94027ee042a25ffd6f23e0f94) Importer(815301076,1909f56bfc062723c751e8b465ee728b)
Start importing Assets/Pixel Adventure 1/Assets/Terrain/Tiles/Terrain (16x16)_76.asset using Guid(fa4798d94027ee042a25ffd6f23e0f94) Importer(815301076,1909f56bfc062723c751e8b465ee728b)  -> (artifact id: '191c760f5c6b6fc1fd918c091bc8d9fc') in 0.013835 seconds 
========================================================================
Received Import Request.
  Time since last request: 0.000024 seconds.
  path: Assets/Pixel Adventure 1/Assets/Terrain/Tiles/Terrain (16x16)_79.asset
  artifactKey: Guid(0d970067ed5cfcc48873907b282c29fc) Importer(815301076,1909f56bfc062723c751e8b465ee728b)
Start importing Assets/Pixel Adventure 1/Assets/Terrain/Tiles/Terrain (16x16)_79.asset using Guid(0d970067ed5cfcc48873907b282c29fc) Importer(815301076,1909f56bfc062723c751e8b465ee728b)  -> (artifact id: 'deb00d421040fbfc11e3e988c0c6c44a') in 0.016794 seconds 
========================================================================
Received Import Request.
  Time since last request: 0.983608 seconds.
  path: Assets/Pixel Adventure 1/Assets/Terrain/Tiles/Terrain (16x16)_85.asset
  artifactKey: Guid(0a4eb76106b317845bbd57ff28dd473a) Importer(815301076,1909f56bfc062723c751e8b465ee728b)
Start importing Assets/Pixel Adventure 1/Assets/Terrain/Tiles/Terrain (16x16)_85.asset using Guid(0a4eb76106b317845bbd57ff28dd473a) Importer(815301076,1909f56bfc062723c751e8b465ee728b)  -> (artifact id: 'c240a8d1dfbbfa12af4fcfd72ef93c63') in 0.011668 seconds 
========================================================================
Received Import Request.
  Time since last request: 0.000018 seconds.
  path: Assets/Pixel Adventure 1/Assets/Terrain/Tiles/Terrain (16x16)_92.asset
  artifactKey: Guid(efb8bb83d26df8440b66681270ea2bca) Importer(815301076,1909f56bfc062723c751e8b465ee728b)
Start importing Assets/Pixel Adventure 1/Assets/Terrain/Tiles/Terrain (16x16)_92.asset using Guid(efb8bb83d26df8440b66681270ea2bca) Importer(815301076,1909f56bfc062723c751e8b465ee728b)  -> (artifact id: '3b60f49c0056b2217af6657016dca4a8') in 0.013916 seconds 
========================================================================
Received Import Request.
  Time since last request: 0.000029 seconds.
  path: Assets/Pixel Adventure 1/Assets/Terrain/Tiles/Terrain (16x16)_96.asset
  artifactKey: Guid(5ad49f5583a68ab46b10a198e9201c28) Importer(815301076,1909f56bfc062723c751e8b465ee728b)
Start importing Assets/Pixel Adventure 1/Assets/Terrain/Tiles/Terrain (16x16)_96.asset using Guid(5ad49f5583a68ab46b10a198e9201c28) Importer(815301076,1909f56bfc062723c751e8b465ee728b)  -> (artifact id: 'ee1e4abeafcf8ae5b86f57dce72c24f9') in 0.012168 seconds 
========================================================================
Received Import Request.
  Time since last request: 0.000030 seconds.
  path: Assets/Pixel Adventure 1/Assets/Terrain/Tiles/Terrain (16x16)_95.asset
  artifactKey: Guid(01dc5fb66c30bd14d8e7e254846f570c) Importer(815301076,1909f56bfc062723c751e8b465ee728b)
Start importing Assets/Pixel Adventure 1/Assets/Terrain/Tiles/Terrain (16x16)_95.asset using Guid(01dc5fb66c30bd14d8e7e254846f570c) Importer(815301076,1909f56bfc062723c751e8b465ee728b)  -> (artifact id: 'cf16523fabf382f43b98cd123a1118b5') in 0.014599 seconds 
========================================================================
Received Import Request.
  Time since last request: 0.000034 seconds.
  path: Assets/Pixel Adventure 1/Assets/Terrain/Tiles/Terrain (16x16)_87.asset
  artifactKey: Guid(67dfb06c29dd8444983a1ec75dce7970) Importer(815301076,1909f56bfc062723c751e8b465ee728b)
Start importing Assets/Pixel Adventure 1/Assets/Terrain/Tiles/Terrain (16x16)_87.asset using Guid(67dfb06c29dd8444983a1ec75dce7970) Importer(815301076,1909f56bfc062723c751e8b465ee728b)  -> (artifact id: 'b1eec8b537fc3304d84a5c15e16bbb5e') in 0.013163 seconds 
========================================================================
Received Import Request.
  Time since last request: 0.000029 seconds.
  path: Assets/Pixel Adventure 1/Assets/Terrain/Tiles/Terrain (16x16)_90.asset
  artifactKey: Guid(fbe3043ac1e7bbb49bf44da7993e7cf4) Importer(815301076,1909f56bfc062723c751e8b465ee728b)
Start importing Assets/Pixel Adventure 1/Assets/Terrain/Tiles/Terrain (16x16)_90.asset using Guid(fbe3043ac1e7bbb49bf44da7993e7cf4) Importer(815301076,1909f56bfc062723c751e8b465ee728b)  -> (artifact id: '0a68d2b289793a6fb16d9e4af3e465f0') in 0.014857 seconds 
========================================================================
Received Import Request.
  Time since last request: 0.180954 seconds.
  path: Assets/Pixel Adventure 1/Assets/Terrain/Tiles/Terrain (16x16)_97.asset
  artifactKey: Guid(02d693649cd56404084ebd4a5701bfd6) Importer(815301076,1909f56bfc062723c751e8b465ee728b)
Start importing Assets/Pixel Adventure 1/Assets/Terrain/Tiles/Terrain (16x16)_97.asset using Guid(02d693649cd56404084ebd4a5701bfd6) Importer(815301076,1909f56bfc062723c751e8b465ee728b)  -> (artifact id: 'e1800c6dc469ee5f28a40bc11144db2d') in 0.013097 seconds 
========================================================================
Received Import Request.
  Time since last request: 0.000026 seconds.
  path: Assets/Pixel Adventure 1/Assets/Terrain/Tiles/Terrain (16x16)_105.asset
  artifactKey: Guid(f0b07eeedba937e468ed05b7c2271098) Importer(815301076,1909f56bfc062723c751e8b465ee728b)
Start importing Assets/Pixel Adventure 1/Assets/Terrain/Tiles/Terrain (16x16)_105.asset using Guid(f0b07eeedba937e468ed05b7c2271098) Importer(815301076,1909f56bfc062723c751e8b465ee728b)  -> (artifact id: '952e343e3ca63d5833283ee86c3782b7') in 0.016232 seconds 
========================================================================
Received Import Request.
  Time since last request: 0.000026 seconds.
  path: Assets/Pixel Adventure 1/Assets/Terrain/Tiles/Terrain (16x16)_106.asset
  artifactKey: Guid(bb9aab556bf3eec4ca0ca39fd30d0ff9) Importer(815301076,1909f56bfc062723c751e8b465ee728b)
Start importing Assets/Pixel Adventure 1/Assets/Terrain/Tiles/Terrain (16x16)_106.asset using Guid(bb9aab556bf3eec4ca0ca39fd30d0ff9) Importer(815301076,1909f56bfc062723c751e8b465ee728b)  -> (artifact id: 'f9102c5fbaaabec53c2feec12888957a') in 0.014270 seconds 
========================================================================
Received Import Request.
  Time since last request: 0.000029 seconds.
  path: Assets/Pixel Adventure 1/Assets/Terrain/Tiles/Terrain (16x16)_101.asset
  artifactKey: Guid(084d204b29cd3ed44903c7fafa876072) Importer(815301076,1909f56bfc062723c751e8b465ee728b)
Start importing Assets/Pixel Adventure 1/Assets/Terrain/Tiles/Terrain (16x16)_101.asset using Guid(084d204b29cd3ed44903c7fafa876072) Importer(815301076,1909f56bfc062723c751e8b465ee728b)  -> (artifact id: 'a92f0e0cad5440e52c5f60dbce2ece69') in 0.013592 seconds 
========================================================================
Received Import Request.
  Time since last request: 0.000029 seconds.
  path: Assets/Pixel Adventure 1/Assets/Terrain/Tiles/Terrain (16x16)_104.asset
  artifactKey: Guid(7cdc5eb5b5372f1438a8d8e819e4bd3f) Importer(815301076,1909f56bfc062723c751e8b465ee728b)
Start importing Assets/Pixel Adventure 1/Assets/Terrain/Tiles/Terrain (16x16)_104.asset using Guid(7cdc5eb5b5372f1438a8d8e819e4bd3f) Importer(815301076,1909f56bfc062723c751e8b465ee728b)  -> (artifact id: '5050c02e76b4214961db3ff60c164f6f') in 0.014098 seconds 
========================================================================
Received Import Request.
  Time since last request: 0.000025 seconds.
  path: Assets/Pixel Adventure 1/Assets/Terrain/Tiles/Terrain (16x16)_99.asset
  artifactKey: Guid(7ab129a9583b731469e362a369289661) Importer(815301076,1909f56bfc062723c751e8b465ee728b)
Start importing Assets/Pixel Adventure 1/Assets/Terrain/Tiles/Terrain (16x16)_99.asset using Guid(7ab129a9583b731469e362a369289661) Importer(815301076,1909f56bfc062723c751e8b465ee728b)  -> (artifact id: '0c64df3f82ca8765fa9a478abfc2b90b') in 0.014632 seconds 
========================================================================
Received Import Request.
  Time since last request: 0.623087 seconds.
  path: Assets/Pixel Adventure 1/Assets/Terrain/Tiles/Terrain (16x16)_109.asset
  artifactKey: Guid(80f74269ce34c214aafb979755201755) Importer(815301076,1909f56bfc062723c751e8b465ee728b)
Start importing Assets/Pixel Adventure 1/Assets/Terrain/Tiles/Terrain (16x16)_109.asset using Guid(80f74269ce34c214aafb979755201755) Importer(815301076,1909f56bfc062723c751e8b465ee728b)  -> (artifact id: 'fd067e172c387aff276385a72d496521') in 0.010345 seconds 
========================================================================
Received Import Request.
  Time since last request: 0.000019 seconds.
  path: Assets/Pixel Adventure 1/Assets/Terrain/Tiles/Terrain (16x16)_117.asset
  artifactKey: Guid(5b40de98edf98ab40907003e865ec256) Importer(815301076,1909f56bfc062723c751e8b465ee728b)
Start importing Assets/Pixel Adventure 1/Assets/Terrain/Tiles/Terrain (16x16)_117.asset using Guid(5b40de98edf98ab40907003e865ec256) Importer(815301076,1909f56bfc062723c751e8b465ee728b)  -> (artifact id: '3ad7fbc54e09cb966e085c8478fa800e') in 0.013015 seconds 
========================================================================
Received Import Request.
  Time since last request: 0.000023 seconds.
  path: Assets/Pixel Adventure 1/Assets/Terrain/Tiles/Terrain (16x16)_114.asset
  artifactKey: Guid(1300bef99bb4d4c4da8076ac154fc4f8) Importer(815301076,1909f56bfc062723c751e8b465ee728b)
Start importing Assets/Pixel Adventure 1/Assets/Terrain/Tiles/Terrain (16x16)_114.asset using Guid(1300bef99bb4d4c4da8076ac154fc4f8) Importer(815301076,1909f56bfc062723c751e8b465ee728b)  -> (artifact id: 'efe7c49b753f9c0694bc26726e6bea37') in 0.012982 seconds 
========================================================================
Received Import Request.
  Time since last request: 0.000032 seconds.
  path: Assets/Pixel Adventure 1/Assets/Terrain/Tiles/Terrain (16x16)_119.asset
  artifactKey: Guid(687328a03f79ef440b56b0a73a73e322) Importer(815301076,1909f56bfc062723c751e8b465ee728b)
Start importing Assets/Pixel Adventure 1/Assets/Terrain/Tiles/Terrain (16x16)_119.asset using Guid(687328a03f79ef440b56b0a73a73e322) Importer(815301076,1909f56bfc062723c751e8b465ee728b)  -> (artifact id: '3c02a059b4efa5d2c2fa15414943f574') in 0.013551 seconds 
========================================================================
Received Import Request.
  Time since last request: 0.000035 seconds.
  path: Assets/Pixel Adventure 1/Assets/Terrain/Tiles/Terrain (16x16)_113.asset
  artifactKey: Guid(ed95334fef2dd8441ab4b0363985be5e) Importer(815301076,1909f56bfc062723c751e8b465ee728b)
Start importing Assets/Pixel Adventure 1/Assets/Terrain/Tiles/Terrain (16x16)_113.asset using Guid(ed95334fef2dd8441ab4b0363985be5e) Importer(815301076,1909f56bfc062723c751e8b465ee728b)  -> (artifact id: 'dddde22ca286ddbca327d7d3ad4c8a5a') in 0.013292 seconds 
========================================================================
Received Import Request.
  Time since last request: 0.000086 seconds.
  path: Assets/Pixel Adventure 1/Assets/Terrain/Tiles/Terrain (16x16)_115.asset
  artifactKey: Guid(ce5e6c5e71a8465419124e3deccde2b1) Importer(815301076,1909f56bfc062723c751e8b465ee728b)
Start importing Assets/Pixel Adventure 1/Assets/Terrain/Tiles/Terrain (16x16)_115.asset using Guid(ce5e6c5e71a8465419124e3deccde2b1) Importer(815301076,1909f56bfc062723c751e8b465ee728b)  -> (artifact id: '0bda22d498d8f69e5769b4a71f873236') in 0.014768 seconds 
========================================================================
Received Import Request.
  Time since last request: 0.168599 seconds.
  path: Assets/Pixel Adventure 1/Assets/Terrain/Tiles/Terrain (16x16)_121.asset
  artifactKey: Guid(090b8acd62a229941870fa78606f8e6e) Importer(815301076,1909f56bfc062723c751e8b465ee728b)
Start importing Assets/Pixel Adventure 1/Assets/Terrain/Tiles/Terrain (16x16)_121.asset using Guid(090b8acd62a229941870fa78606f8e6e) Importer(815301076,1909f56bfc062723c751e8b465ee728b)  -> (artifact id: '76fff178179aa00e0642391212f7a536') in 0.015227 seconds 
========================================================================
Received Import Request.
  Time since last request: 0.000031 seconds.
  path: Assets/Pixel Adventure 1/Assets/Terrain/Tiles/Terrain (16x16)_129.asset
  artifactKey: Guid(1c6fc332b1b56844a8190c9288d9527d) Importer(815301076,1909f56bfc062723c751e8b465ee728b)
Start importing Assets/Pixel Adventure 1/Assets/Terrain/Tiles/Terrain (16x16)_129.asset using Guid(1c6fc332b1b56844a8190c9288d9527d) Importer(815301076,1909f56bfc062723c751e8b465ee728b)  -> (artifact id: 'cb60000169d7387e94912aa50a622758') in 0.014279 seconds 
========================================================================
Received Import Request.
  Time since last request: 0.000039 seconds.
  path: Assets/Pixel Adventure 1/Assets/Terrain/Tiles/Terrain (16x16)_125.asset
  artifactKey: Guid(1984f15bec97f684f93fe40413048990) Importer(815301076,1909f56bfc062723c751e8b465ee728b)
Start importing Assets/Pixel Adventure 1/Assets/Terrain/Tiles/Terrain (16x16)_125.asset using Guid(1984f15bec97f684f93fe40413048990) Importer(815301076,1909f56bfc062723c751e8b465ee728b)  -> (artifact id: 'ffb007e9bb29f5043457650e6e0d0aee') in 0.014086 seconds 
========================================================================
Received Import Request.
  Time since last request: 0.000044 seconds.
  path: Assets/Pixel Adventure 1/Assets/Terrain/Tiles/Terrain (16x16)_124.asset
  artifactKey: Guid(13051eeaa2ae6844293d5ad701f2f5ff) Importer(815301076,1909f56bfc062723c751e8b465ee728b)
Start importing Assets/Pixel Adventure 1/Assets/Terrain/Tiles/Terrain (16x16)_124.asset using Guid(13051eeaa2ae6844293d5ad701f2f5ff) Importer(815301076,1909f56bfc062723c751e8b465ee728b)  -> (artifact id: '41d66c556e7270791337d58ffd742244') in 0.014606 seconds 
========================================================================
Received Import Request.
  Time since last request: 0.000028 seconds.
  path: Assets/Pixel Adventure 1/Assets/Terrain/Tiles/Terrain (16x16)_131.asset
  artifactKey: Guid(b6b23023465c0604bb1ba91fcbd94539) Importer(815301076,1909f56bfc062723c751e8b465ee728b)
Start importing Assets/Pixel Adventure 1/Assets/Terrain/Tiles/Terrain (16x16)_131.asset using Guid(b6b23023465c0604bb1ba91fcbd94539) Importer(815301076,1909f56bfc062723c751e8b465ee728b)  -> (artifact id: 'bc74976c96b3fd540b6357219824dc52') in 0.014504 seconds 
========================================================================
Received Import Request.
  Time since last request: 0.000063 seconds.
  path: Assets/Pixel Adventure 1/Assets/Terrain/Tiles/Terrain (16x16)_128.asset
  artifactKey: Guid(8c36881a67512d747931c7efd797a944) Importer(815301076,1909f56bfc062723c751e8b465ee728b)
Start importing Assets/Pixel Adventure 1/Assets/Terrain/Tiles/Terrain (16x16)_128.asset using Guid(8c36881a67512d747931c7efd797a944) Importer(815301076,1909f56bfc062723c751e8b465ee728b)  -> (artifact id: '2162abf688910ea6725cbc6163331197') in 0.014250 seconds 
========================================================================
Received Import Request.
  Time since last request: 0.489273 seconds.
  path: Assets/Pixel Adventure 1/Assets/Terrain/Tiles/Terrain (16x16)_133.asset
  artifactKey: Guid(44772c137dd539047b68a6afa811151b) Importer(815301076,1909f56bfc062723c751e8b465ee728b)
Start importing Assets/Pixel Adventure 1/Assets/Terrain/Tiles/Terrain (16x16)_133.asset using Guid(44772c137dd539047b68a6afa811151b) Importer(815301076,1909f56bfc062723c751e8b465ee728b)  -> (artifact id: '5112e24cae74b9d83e53480b3451e647') in 0.010995 seconds 
========================================================================
Received Import Request.
  Time since last request: 0.000022 seconds.
  path: Assets/Pixel Adventure 1/Assets/Terrain/Tiles/Terrain (16x16)_140.asset
  artifactKey: Guid(68adf387f9cc5284d9ff596faafde33a) Importer(815301076,1909f56bfc062723c751e8b465ee728b)
Start importing Assets/Pixel Adventure 1/Assets/Terrain/Tiles/Terrain (16x16)_140.asset using Guid(68adf387f9cc5284d9ff596faafde33a) Importer(815301076,1909f56bfc062723c751e8b465ee728b)  -> (artifact id: '49818efb7b744d4bd71c6e84467ea435') in 0.013547 seconds 
========================================================================
Received Import Request.
  Time since last request: 0.000051 seconds.
  path: Assets/Pixel Adventure 1/Assets/Terrain/Tiles/Terrain (16x16)_138.asset
  artifactKey: Guid(5aa6455e4b8ca074a9b8b90268f40ee7) Importer(815301076,1909f56bfc062723c751e8b465ee728b)
Start importing Assets/Pixel Adventure 1/Assets/Terrain/Tiles/Terrain (16x16)_138.asset using Guid(5aa6455e4b8ca074a9b8b90268f40ee7) Importer(815301076,1909f56bfc062723c751e8b465ee728b)  -> (artifact id: 'ead833dc5ca4d5f05234f6070e9566f7') in 0.012667 seconds 
========================================================================
Received Import Request.
  Time since last request: 0.000030 seconds.
  path: Assets/Pixel Adventure 1/Assets/Terrain/Tiles/Terrain (16x16)_142.asset
  artifactKey: Guid(0d4faed457465114eb040f46a9dedacb) Importer(815301076,1909f56bfc062723c751e8b465ee728b)
Start importing Assets/Pixel Adventure 1/Assets/Terrain/Tiles/Terrain (16x16)_142.asset using Guid(0d4faed457465114eb040f46a9dedacb) Importer(815301076,1909f56bfc062723c751e8b465ee728b)  -> (artifact id: '4584ed619cfad0d6576d4ecc353ba0fa') in 0.016484 seconds 
========================================================================
Received Import Request.
  Time since last request: 0.000031 seconds.
  path: Assets/Pixel Adventure 1/Assets/Terrain/Tiles/Terrain (16x16)_137.asset
  artifactKey: Guid(3f4aabb7d9354884d9bfca9867812203) Importer(815301076,1909f56bfc062723c751e8b465ee728b)
Start importing Assets/Pixel Adventure 1/Assets/Terrain/Tiles/Terrain (16x16)_137.asset using Guid(3f4aabb7d9354884d9bfca9867812203) Importer(815301076,1909f56bfc062723c751e8b465ee728b)  -> (artifact id: '379e8070ab5e3323097de1ba6854bed7') in 0.015393 seconds 
========================================================================
Received Import Request.
  Time since last request: 0.000041 seconds.
  path: Assets/Pixel Adventure 1/Assets/Terrain/Tiles/Terrain (16x16)_141.asset
  artifactKey: Guid(45c8ff213c12c2d40b43cb7c5da015aa) Importer(815301076,1909f56bfc062723c751e8b465ee728b)
Start importing Assets/Pixel Adventure 1/Assets/Terrain/Tiles/Terrain (16x16)_141.asset using Guid(45c8ff213c12c2d40b43cb7c5da015aa) Importer(815301076,1909f56bfc062723c751e8b465ee728b)  -> (artifact id: '31ba9c3171bcab32b5daf364369f325f') in 0.014862 seconds 
Editor requested this worker to shutdown with reason: Scaling down because of idle timeout
AssetImportWorker is now disconnected from the server
Process exiting
Exiting without the bug reporter. Application will terminate with return code 0