Using pre-set license
Built from '2021.3/staging' branch; Version is '2021.3.21f1 (1b156197d683) revision 1774945'; Using compiler version '192829333'; Build Type 'Release'
OS: 'Windows 10  (10.0.19045) 64bit Professional' Language: 'en' Physical Memory: 15789 MB
BatchMode: 1, IsHumanControllingUs: 0, StartBugReporterOnCrash: 0, Is64bit: 1, IsPro: 1

COMMAND LINE ARGUMENTS:
C:\Program Files\Unity\Hub\Editor\2021.3.21f1\Editor\Unity.exe
-adb2
-batchMode
-noUpm
-name
AssetImportWorker9
-projectPath
C:/A.Facultate/a.FACULTATE/GD/DriveTheBall
-logFile
Logs/AssetImportWorker9.log
-srvPort
58666
Successfully changed project path to: C:/A.Facultate/a.FACULTATE/GD/DriveTheBall
C:/A.Facultate/a.FACULTATE/GD/DriveTheBall
[UnityMemory] Configuration Parameters - Can be set up in boot.config
    "memorysetup-bucket-allocator-granularity=16"
    "memorysetup-bucket-allocator-bucket-count=8"
    "memorysetup-bucket-allocator-block-size=33554432"
    "memorysetup-bucket-allocator-block-count=8"
    "memorysetup-main-allocator-block-size=16777216"
    "memorysetup-thread-allocator-block-size=16777216"
    "memorysetup-gfx-main-allocator-block-size=16777216"
    "memorysetup-gfx-thread-allocator-block-size=16777216"
    "memorysetup-cache-allocator-block-size=4194304"
    "memorysetup-typetree-allocator-block-size=2097152"
    "memorysetup-profiler-bucket-allocator-granularity=16"
    "memorysetup-profiler-bucket-allocator-bucket-count=8"
    "memorysetup-profiler-bucket-allocator-block-size=33554432"
    "memorysetup-profiler-bucket-allocator-block-count=8"
    "memorysetup-profiler-allocator-block-size=16777216"
    "memorysetup-profiler-editor-allocator-block-size=1048576"
    "memorysetup-temp-allocator-size-main=16777216"
    "memorysetup-job-temp-allocator-block-size=2097152"
    "memorysetup-job-temp-allocator-block-size-background=1048576"
    "memorysetup-job-temp-allocator-reduction-small-platforms=262144"
    "memorysetup-temp-allocator-size-background-worker=32768"
    "memorysetup-temp-allocator-size-job-worker=262144"
    "memorysetup-temp-allocator-size-preload-manager=33554432"
    "memorysetup-temp-allocator-size-nav-mesh-worker=65536"
    "memorysetup-temp-allocator-size-audio-worker=65536"
    "memorysetup-temp-allocator-size-cloud-worker=32768"
    "memorysetup-temp-allocator-size-gi-baking-worker=262144"
    "memorysetup-temp-allocator-size-gfx=262144"
Player connection [8612] Host "[IP] 192.168.100.12 [Port] 0 [Flags] 2 [Guid] 2756051739 [EditorId] 2756051739 [Version] 1048832 [Id] WindowsEditor(7,DESKTOP-NA6QJV6) [Debug] 1 [PackageName] WindowsEditor [ProjectName] Editor" joined multi-casting on [225.0.0.222:54997]...

Player connection [8612] Host "[IP] 192.168.100.12 [Port] 0 [Flags] 2 [Guid] 2756051739 [EditorId] 2756051739 [Version] 1048832 [Id] WindowsEditor(7,DESKTOP-NA6QJV6) [Debug] 1 [PackageName] WindowsEditor [ProjectName] Editor" joined alternative multi-casting on [225.0.0.222:34997]...

Refreshing native plugins compatible for Editor in 82.58 ms, found 4 plugins.
Preloading 0 native plugins for Editor in 0.00 ms.
Initialize engine version: 2021.3.21f1 (1b156197d683)
[Subsystems] Discovering subsystems at path C:/Program Files/Unity/Hub/Editor/2021.3.21f1/Editor/Data/Resources/UnitySubsystems
[Subsystems] Discovering subsystems at path C:/A.Facultate/a.FACULTATE/GD/DriveTheBall/Assets
GfxDevice: creating device client; threaded=0; jobified=0
Direct3D:
    Version:  Direct3D 11.0 [level 11.1]
    Renderer: NVIDIA GeForce RTX 2060 (ID=0x1f15)
    Vendor:   NVIDIA
    VRAM:     5968 MB
    Driver:   31.0.15.3118
Initialize mono
Mono path[0] = 'C:/Program Files/Unity/Hub/Editor/2021.3.21f1/Editor/Data/Managed'
Mono path[1] = 'C:/Program Files/Unity/Hub/Editor/2021.3.21f1/Editor/Data/MonoBleedingEdge/lib/mono/unityjit-win32'
Mono config path = 'C:/Program Files/Unity/Hub/Editor/2021.3.21f1/Editor/Data/MonoBleedingEdge/etc'
Using monoOptions --debugger-agent=transport=dt_socket,embedding=1,server=y,suspend=n,address=127.0.0.1:56352
Begin MonoManager ReloadAssembly
Registering precompiled unity dll's ...
Register platform support module: C:/Program Files/Unity/Hub/Editor/2021.3.21f1/Editor/Data/PlaybackEngines/WebGLSupport/UnityEditor.WebGL.Extensions.dll
Register platform support module: C:/Program Files/Unity/Hub/Editor/2021.3.21f1/Editor/Data/PlaybackEngines/AndroidPlayer/UnityEditor.Android.Extensions.dll
Register platform support module: C:/Program Files/Unity/Hub/Editor/2021.3.21f1/Editor/Data/PlaybackEngines/WindowsStandaloneSupport/UnityEditor.WindowsStandalone.Extensions.dll
Registered in 0.008298 seconds.
Native extension for WindowsStandalone target not found
Native extension for Android target not found
Android Extension - Scanning For ADB Devices 267 ms
Native extension for WebGL target not found
Refreshing native plugins compatible for Editor in 82.86 ms, found 4 plugins.
Preloading 0 native plugins for Editor in 0.00 ms.
Mono: successfully reloaded assembly
- Completed reload, in  0.904 seconds
Domain Reload Profiling:
	ReloadAssembly (904ms)
		BeginReloadAssembly (77ms)
			ExecutionOrderSort (0ms)
			DisableScriptedObjects (0ms)
			BackupInstance (0ms)
			ReleaseScriptingObjects (0ms)
			CreateAndSetChildDomain (1ms)
		EndReloadAssembly (726ms)
			LoadAssemblies (75ms)
			RebuildTransferFunctionScriptingTraits (0ms)
			SetupTypeCache (101ms)
			ReleaseScriptCaches (0ms)
			RebuildScriptCaches (27ms)
			SetupLoadedEditorAssemblies (548ms)
				LogAssemblyErrors (0ms)
				InitializePlatformSupportModulesInManaged (346ms)
				SetLoadedEditorAssemblies (0ms)
				RefreshPlugins (83ms)
				BeforeProcessingInitializeOnLoad (1ms)
				ProcessInitializeOnLoadAttributes (79ms)
				ProcessInitializeOnLoadMethodAttributes (38ms)
				AfterProcessingInitializeOnLoad (0ms)
				EditorAssembliesLoaded (0ms)
			ExecutionOrderSort2 (0ms)
			AwakeInstancesAfterBackupRestoration (0ms)
Platform modules already initialized, skipping
Registering precompiled user dll's ...
Registered in 0.006060 seconds.
Begin MonoManager ReloadAssembly
Symbol file LoadedFromMemory doesn't match image C:\A.Facultate\a.FACULTATE\GD\DriveTheBall\Library\PackageCache\com.unity.visualscripting@1.8.0\Editor\VisualScripting.Core\Dependencies\YamlDotNet\Unity.VisualScripting.YamlDotNet.dll
Symbol file LoadedFromMemory doesn't match image C:\A.Facultate\a.FACULTATE\GD\DriveTheBall\Library\PackageCache\com.unity.visualscripting@1.8.0\Editor\VisualScripting.Core\Dependencies\DotNetZip\Unity.VisualScripting.IonicZip.dll
Native extension for WindowsStandalone target not found
Native extension for Android target not found
Native extension for WebGL target not found
Refreshing native plugins compatible for Editor in 80.66 ms, found 4 plugins.
Preloading 0 native plugins for Editor in 0.00 ms.
Mono: successfully reloaded assembly
- Completed reload, in  1.023 seconds
Domain Reload Profiling:
	ReloadAssembly (1023ms)
		BeginReloadAssembly (110ms)
			ExecutionOrderSort (0ms)
			DisableScriptedObjects (6ms)
			BackupInstance (0ms)
			ReleaseScriptingObjects (0ms)
			CreateAndSetChildDomain (20ms)
		EndReloadAssembly (815ms)
			LoadAssemblies (83ms)
			RebuildTransferFunctionScriptingTraits (0ms)
			SetupTypeCache (216ms)
			ReleaseScriptCaches (1ms)
			RebuildScriptCaches (49ms)
			SetupLoadedEditorAssemblies (416ms)
				LogAssemblyErrors (0ms)
				InitializePlatformSupportModulesInManaged (17ms)
				SetLoadedEditorAssemblies (0ms)
				RefreshPlugins (81ms)
				BeforeProcessingInitializeOnLoad (83ms)
				ProcessInitializeOnLoadAttributes (188ms)
				ProcessInitializeOnLoadMethodAttributes (40ms)
				AfterProcessingInitializeOnLoad (7ms)
				EditorAssembliesLoaded (0ms)
			ExecutionOrderSort2 (0ms)
			AwakeInstancesAfterBackupRestoration (5ms)
Platform modules already initialized, skipping
========================================================================
Worker process is ready to serve import requests
Launched and connected shader compiler UnityShaderCompiler.exe after 0.04 seconds
Refreshing native plugins compatible for Editor in 0.80 ms, found 4 plugins.
Preloading 0 native plugins for Editor in 0.00 ms.
Unloading 3734 Unused Serialized files (Serialized files now loaded: 0)
Unloading 41 unused Assets / (229.4 KB). Loaded Objects now: 4189.
Memory consumption went from 142.7 MB to 142.4 MB.
Total: 3.705100 ms (FindLiveObjects: 0.426100 ms CreateObjectMapping: 0.205600 ms MarkObjects: 2.890200 ms  DeleteObjects: 0.180600 ms)

AssetImportParameters requested are different than current active one (requested -> active):
  custom:video-decoder-ogg-theora: a1e56fd34408186e4bbccfd4996cb3dc -> 
  custom:container-muxer-webm: aa71ff27fc2769a1b78a27578f13a17b -> 
  custom:container-demuxer-webm: 4f35f7cbe854078d1ac9338744f61a02 -> 
  custom:video-encoder-webm-vp8: eb34c28f22e8b96e1ab97ce403110664 -> 
  custom:audio-encoder-webm-vorbis: bf7c407c2cedff20999df2af8eb42d56 -> 
  custom:framework-win-MediaFoundation: 216162199b28c13a410421893ffa2e32 -> 
  custom:container-demuxer-ogg: 62fdf1f143b41e24485cea50d1cbac27 -> 
  custom:video-decoder-webm-vp8: 9c59270c3fd7afecdb556c50c9e8de78 -> 
  custom:audio-decoder-ogg-vorbis: bf7c407c2cedff20999df2af8eb42d56 -> 
========================================================================
Received Import Request.
  Time since last request: 61704.269253 seconds.
  path: Assets/Pixel Adventure 1/Assets/Terrain/Tiles/Terrain (16x16)_62.asset
  artifactKey: Guid(91b8b7723f539044f9f8b9f546cb7fab) Importer(815301076,1909f56bfc062723c751e8b465ee728b)
Start importing Assets/Pixel Adventure 1/Assets/Terrain/Tiles/Terrain (16x16)_62.asset using Guid(91b8b7723f539044f9f8b9f546cb7fab) Importer(815301076,1909f56bfc062723c751e8b465ee728b)  -> (artifact id: '0df86b7bbaed940465703795b43a7dd4') in 0.079197 seconds 
========================================================================
Received Import Request.
  Time since last request: 0.000048 seconds.
  path: Assets/Pixel Adventure 1/Assets/Terrain/Tiles/Terrain (16x16)_68.asset
  artifactKey: Guid(2817a57bf130a1e44beb956f1786d764) Importer(815301076,1909f56bfc062723c751e8b465ee728b)
Start importing Assets/Pixel Adventure 1/Assets/Terrain/Tiles/Terrain (16x16)_68.asset using Guid(2817a57bf130a1e44beb956f1786d764) Importer(815301076,1909f56bfc062723c751e8b465ee728b)  -> (artifact id: 'f0927c50a18242f3f7534b1355ee6e1a') in 0.016166 seconds 
========================================================================
Received Import Request.
  Time since last request: 0.000036 seconds.
  path: Assets/Pixel Adventure 1/Assets/Terrain/Tiles/Terrain (16x16)_82.asset
  artifactKey: Guid(a53b75d29861d1a44b8a705daaf2dfaf) Importer(815301076,1909f56bfc062723c751e8b465ee728b)
Start importing Assets/Pixel Adventure 1/Assets/Terrain/Tiles/Terrain (16x16)_82.asset using Guid(a53b75d29861d1a44b8a705daaf2dfaf) Importer(815301076,1909f56bfc062723c751e8b465ee728b)  -> (artifact id: 'b903b9f3a6ef5a8ac498608a56bfe39b') in 0.013651 seconds 
========================================================================
Received Import Request.
  Time since last request: 0.000020 seconds.
  path: Assets/Pixel Adventure 1/Assets/Terrain/Tiles/Terrain (16x16)_84.asset
  artifactKey: Guid(b1592aaa5d30d6741899ea63e29b906b) Importer(815301076,1909f56bfc062723c751e8b465ee728b)
Start importing Assets/Pixel Adventure 1/Assets/Terrain/Tiles/Terrain (16x16)_84.asset using Guid(b1592aaa5d30d6741899ea63e29b906b) Importer(815301076,1909f56bfc062723c751e8b465ee728b)  -> (artifact id: 'e7f8c55b5f993776372c0c782a8ba4b3') in 0.014529 seconds 
========================================================================
Received Import Request.
  Time since last request: 0.000028 seconds.
  path: Assets/Pixel Adventure 1/Assets/Terrain/Tiles/Terrain (16x16)_78.asset
  artifactKey: Guid(e0a61fbb6ff597b449764c3edd99a8df) Importer(815301076,1909f56bfc062723c751e8b465ee728b)
Start importing Assets/Pixel Adventure 1/Assets/Terrain/Tiles/Terrain (16x16)_78.asset using Guid(e0a61fbb6ff597b449764c3edd99a8df) Importer(815301076,1909f56bfc062723c751e8b465ee728b)  -> (artifact id: '02b076821fab0f96a473208ad73ca1d1') in 0.013732 seconds 
========================================================================
Received Import Request.
  Time since last request: 0.000035 seconds.
  path: Assets/Pixel Adventure 1/Assets/Terrain/Tiles/Terrain (16x16)_66.asset
  artifactKey: Guid(e016f6499d0c0474c95fbfdad5f8b41e) Importer(815301076,1909f56bfc062723c751e8b465ee728b)
Start importing Assets/Pixel Adventure 1/Assets/Terrain/Tiles/Terrain (16x16)_66.asset using Guid(e016f6499d0c0474c95fbfdad5f8b41e) Importer(815301076,1909f56bfc062723c751e8b465ee728b)  -> (artifact id: '5f784805a84362be3d1594570cc5533d') in 0.017226 seconds 
========================================================================
Received Import Request.
  Time since last request: 0.000027 seconds.
  path: Assets/Pixel Adventure 1/Assets/Terrain/Tiles/Terrain (16x16)_67.asset
  artifactKey: Guid(37b92ae697caa344ab3c619b557fb506) Importer(815301076,1909f56bfc062723c751e8b465ee728b)
Start importing Assets/Pixel Adventure 1/Assets/Terrain/Tiles/Terrain (16x16)_67.asset using Guid(37b92ae697caa344ab3c619b557fb506) Importer(815301076,1909f56bfc062723c751e8b465ee728b)  -> (artifact id: '9ceabbd25079da4aadd1809abfb38b8a') in 0.023267 seconds 
========================================================================
Received Import Request.
  Time since last request: 0.000033 seconds.
  path: Assets/Pixel Adventure 1/Assets/Terrain/Tiles/Terrain (16x16)_77.asset
  artifactKey: Guid(3c0552e90a937374fbbf30b968e4e429) Importer(815301076,1909f56bfc062723c751e8b465ee728b)
Start importing Assets/Pixel Adventure 1/Assets/Terrain/Tiles/Terrain (16x16)_77.asset using Guid(3c0552e90a937374fbbf30b968e4e429) Importer(815301076,1909f56bfc062723c751e8b465ee728b)  -> (artifact id: 'f2e36f1ec802dd1261caebf6a5c9f9b5') in 0.014696 seconds 
========================================================================
Received Import Request.
  Time since last request: 0.000028 seconds.
  path: Assets/Pixel Adventure 1/Assets/Terrain/Tiles/Terrain (16x16)_80.asset
  artifactKey: Guid(1001fa3f3f1f9e740ad9ab7f40e79316) Importer(815301076,1909f56bfc062723c751e8b465ee728b)
Start importing Assets/Pixel Adventure 1/Assets/Terrain/Tiles/Terrain (16x16)_80.asset using Guid(1001fa3f3f1f9e740ad9ab7f40e79316) Importer(815301076,1909f56bfc062723c751e8b465ee728b)  -> (artifact id: '91bd95c3541b4e62c2d5b19e93c0fa29') in 0.014323 seconds 
========================================================================
Received Import Request.
  Time since last request: 0.000022 seconds.
  path: Assets/Pixel Adventure 1/Assets/Terrain/Tiles/Terrain (16x16)_72.asset
  artifactKey: Guid(24c224d26597d6c4bb7b50391f989413) Importer(815301076,1909f56bfc062723c751e8b465ee728b)
Start importing Assets/Pixel Adventure 1/Assets/Terrain/Tiles/Terrain (16x16)_72.asset using Guid(24c224d26597d6c4bb7b50391f989413) Importer(815301076,1909f56bfc062723c751e8b465ee728b)  -> (artifact id: '03012534feb7a4f0bf38c24b9810dcf2') in 0.024743 seconds 
========================================================================
Received Import Request.
  Time since last request: 0.000028 seconds.
  path: Assets/Pixel Adventure 1/Assets/Terrain/Tiles/Terrain (16x16)_81.asset
  artifactKey: Guid(6afa1ce3694eac240993ae4dabfa0039) Importer(815301076,1909f56bfc062723c751e8b465ee728b)
Start importing Assets/Pixel Adventure 1/Assets/Terrain/Tiles/Terrain (16x16)_81.asset using Guid(6afa1ce3694eac240993ae4dabfa0039) Importer(815301076,1909f56bfc062723c751e8b465ee728b)  -> (artifact id: '44cb168aefc22f891d0f3e2316047365') in 0.014241 seconds 
========================================================================
Received Import Request.
  Time since last request: 0.973708 seconds.
  path: Assets/Pixel Adventure 1/Assets/Terrain/Tiles/Terrain (16x16)_86.asset
  artifactKey: Guid(4325d01c6c06ec640a062ad3fb2ad0cc) Importer(815301076,1909f56bfc062723c751e8b465ee728b)
Start importing Assets/Pixel Adventure 1/Assets/Terrain/Tiles/Terrain (16x16)_86.asset using Guid(4325d01c6c06ec640a062ad3fb2ad0cc) Importer(815301076,1909f56bfc062723c751e8b465ee728b)  -> (artifact id: '74c45992b13ae2c29ec30cb21c489335') in 0.011593 seconds 
========================================================================
Received Import Request.
  Time since last request: 0.000021 seconds.
  path: Assets/Pixel Adventure 1/Assets/Terrain/Tiles/Terrain (16x16)_88.asset
  artifactKey: Guid(6c78cbc5c7c6c0545bdc6dc821d2d7d1) Importer(815301076,1909f56bfc062723c751e8b465ee728b)
Start importing Assets/Pixel Adventure 1/Assets/Terrain/Tiles/Terrain (16x16)_88.asset using Guid(6c78cbc5c7c6c0545bdc6dc821d2d7d1) Importer(815301076,1909f56bfc062723c751e8b465ee728b)  -> (artifact id: '43313161ffdc5800591c4825156ca21a') in 0.013983 seconds 
========================================================================
Received Import Request.
  Time since last request: 0.000032 seconds.
  path: Assets/Pixel Adventure 1/Assets/Terrain/Tiles/Terrain (16x16)_93.asset
  artifactKey: Guid(ba00ff043ea6c69489a60009028239a1) Importer(815301076,1909f56bfc062723c751e8b465ee728b)
Start importing Assets/Pixel Adventure 1/Assets/Terrain/Tiles/Terrain (16x16)_93.asset using Guid(ba00ff043ea6c69489a60009028239a1) Importer(815301076,1909f56bfc062723c751e8b465ee728b)  -> (artifact id: 'a119df00cd2103552ff7623441bbdc53') in 0.012712 seconds 
========================================================================
Received Import Request.
  Time since last request: 0.000021 seconds.
  path: Assets/Pixel Adventure 1/Assets/Terrain/Tiles/Terrain (16x16)_89.asset
  artifactKey: Guid(e4def96d58e776f428b7abe2328e5ac3) Importer(815301076,1909f56bfc062723c751e8b465ee728b)
Start importing Assets/Pixel Adventure 1/Assets/Terrain/Tiles/Terrain (16x16)_89.asset using Guid(e4def96d58e776f428b7abe2328e5ac3) Importer(815301076,1909f56bfc062723c751e8b465ee728b)  -> (artifact id: 'b3467e7664575c6e4deab3378af112c1') in 0.015769 seconds 
========================================================================
Received Import Request.
  Time since last request: 0.000022 seconds.
  path: Assets/Pixel Adventure 1/Assets/Terrain/Tiles/Terrain (16x16)_91.asset
  artifactKey: Guid(00153782a2b1743449b2ba0acea3efc7) Importer(815301076,1909f56bfc062723c751e8b465ee728b)
Start importing Assets/Pixel Adventure 1/Assets/Terrain/Tiles/Terrain (16x16)_91.asset using Guid(00153782a2b1743449b2ba0acea3efc7) Importer(815301076,1909f56bfc062723c751e8b465ee728b)  -> (artifact id: 'f064a296e4b529814dfc10f71343b0dc') in 0.014322 seconds 
========================================================================
Received Import Request.
  Time since last request: 0.000029 seconds.
  path: Assets/Pixel Adventure 1/Assets/Terrain/Tiles/Terrain (16x16)_94.asset
  artifactKey: Guid(d60a55fdaf0d4f147adf7f7bf284b5e8) Importer(815301076,1909f56bfc062723c751e8b465ee728b)
Start importing Assets/Pixel Adventure 1/Assets/Terrain/Tiles/Terrain (16x16)_94.asset using Guid(d60a55fdaf0d4f147adf7f7bf284b5e8) Importer(815301076,1909f56bfc062723c751e8b465ee728b)  -> (artifact id: '782653312193e08cff7d837d3c2c0878') in 0.014266 seconds 
========================================================================
Received Import Request.
  Time since last request: 0.180720 seconds.
  path: Assets/Pixel Adventure 1/Assets/Terrain/Tiles/Terrain (16x16)_98.asset
  artifactKey: Guid(34974dda26cd98e46a81b87301859e7b) Importer(815301076,1909f56bfc062723c751e8b465ee728b)
Start importing Assets/Pixel Adventure 1/Assets/Terrain/Tiles/Terrain (16x16)_98.asset using Guid(34974dda26cd98e46a81b87301859e7b) Importer(815301076,1909f56bfc062723c751e8b465ee728b)  -> (artifact id: 'e3a251af0c31665edc52525381f93161') in 0.012484 seconds 
========================================================================
Received Import Request.
  Time since last request: 0.000027 seconds.
  path: Assets/Pixel Adventure 1/Assets/Terrain/Tiles/Terrain (16x16)_103.asset
  artifactKey: Guid(baf93250008fc5f4c8976a1876d9f1b9) Importer(815301076,1909f56bfc062723c751e8b465ee728b)
Start importing Assets/Pixel Adventure 1/Assets/Terrain/Tiles/Terrain (16x16)_103.asset using Guid(baf93250008fc5f4c8976a1876d9f1b9) Importer(815301076,1909f56bfc062723c751e8b465ee728b)  -> (artifact id: '853afd8266684ffcd1a37deb0c34ac8e') in 0.015998 seconds 
========================================================================
Received Import Request.
  Time since last request: 0.000029 seconds.
  path: Assets/Pixel Adventure 1/Assets/Terrain/Tiles/Terrain (16x16)_107.asset
  artifactKey: Guid(58e8aa618cfa1884eae15082ef0ab541) Importer(815301076,1909f56bfc062723c751e8b465ee728b)
Start importing Assets/Pixel Adventure 1/Assets/Terrain/Tiles/Terrain (16x16)_107.asset using Guid(58e8aa618cfa1884eae15082ef0ab541) Importer(815301076,1909f56bfc062723c751e8b465ee728b)  -> (artifact id: '8888b3e2bbc2fc73f1362e5fabdd1de6') in 0.014359 seconds 
========================================================================
Received Import Request.
  Time since last request: 0.000038 seconds.
  path: Assets/Pixel Adventure 1/Assets/Terrain/Tiles/Terrain (16x16)_102.asset
  artifactKey: Guid(4d87526bb98e435409982f78b6a8dfe6) Importer(815301076,1909f56bfc062723c751e8b465ee728b)
Start importing Assets/Pixel Adventure 1/Assets/Terrain/Tiles/Terrain (16x16)_102.asset using Guid(4d87526bb98e435409982f78b6a8dfe6) Importer(815301076,1909f56bfc062723c751e8b465ee728b)  -> (artifact id: '14b26a156dde005104beff9b9d2523b1') in 0.014675 seconds 
========================================================================
Received Import Request.
  Time since last request: 0.000031 seconds.
  path: Assets/Pixel Adventure 1/Assets/Terrain/Tiles/Terrain (16x16)_108.asset
  artifactKey: Guid(1ce35398a3af2d548934cdc2713dfac5) Importer(815301076,1909f56bfc062723c751e8b465ee728b)
Start importing Assets/Pixel Adventure 1/Assets/Terrain/Tiles/Terrain (16x16)_108.asset using Guid(1ce35398a3af2d548934cdc2713dfac5) Importer(815301076,1909f56bfc062723c751e8b465ee728b)  -> (artifact id: 'b87c3033305b61c54c13baf2fbb494c8') in 0.014277 seconds 
========================================================================
Received Import Request.
  Time since last request: 0.000021 seconds.
  path: Assets/Pixel Adventure 1/Assets/Terrain/Tiles/Terrain (16x16)_100.asset
  artifactKey: Guid(d1fd54b540ab2ef438031b0b590dd38d) Importer(815301076,1909f56bfc062723c751e8b465ee728b)
Start importing Assets/Pixel Adventure 1/Assets/Terrain/Tiles/Terrain (16x16)_100.asset using Guid(d1fd54b540ab2ef438031b0b590dd38d) Importer(815301076,1909f56bfc062723c751e8b465ee728b)  -> (artifact id: '5b66eb4b0b74b464b737672f4cb5e151') in 0.014509 seconds 
========================================================================
Received Import Request.
  Time since last request: 0.622991 seconds.
  path: Assets/Pixel Adventure 1/Assets/Terrain/Tiles/Terrain (16x16)_110.asset
  artifactKey: Guid(e071cebb9599cbe4fa217e131d548b9f) Importer(815301076,1909f56bfc062723c751e8b465ee728b)
Start importing Assets/Pixel Adventure 1/Assets/Terrain/Tiles/Terrain (16x16)_110.asset using Guid(e071cebb9599cbe4fa217e131d548b9f) Importer(815301076,1909f56bfc062723c751e8b465ee728b)  -> (artifact id: 'bd679c647b5413d8f5896da0f16f4bf9') in 0.011700 seconds 
========================================================================
Received Import Request.
  Time since last request: 0.000023 seconds.
  path: Assets/Pixel Adventure 1/Assets/Terrain/Tiles/Terrain (16x16)_118.asset
  artifactKey: Guid(ebaf0b3cd5f337649869638fe75aa468) Importer(815301076,1909f56bfc062723c751e8b465ee728b)
Start importing Assets/Pixel Adventure 1/Assets/Terrain/Tiles/Terrain (16x16)_118.asset using Guid(ebaf0b3cd5f337649869638fe75aa468) Importer(815301076,1909f56bfc062723c751e8b465ee728b)  -> (artifact id: '04dde04ffd112f604ddf70ed8207cb76') in 0.012572 seconds 
========================================================================
Received Import Request.
  Time since last request: 0.000025 seconds.
  path: Assets/Pixel Adventure 1/Assets/Terrain/Tiles/Terrain (16x16)_112.asset
  artifactKey: Guid(3740670b823aa0845961a7c8bd45e54e) Importer(815301076,1909f56bfc062723c751e8b465ee728b)
Start importing Assets/Pixel Adventure 1/Assets/Terrain/Tiles/Terrain (16x16)_112.asset using Guid(3740670b823aa0845961a7c8bd45e54e) Importer(815301076,1909f56bfc062723c751e8b465ee728b)  -> (artifact id: 'e18d235f32e94cf55a0454b61cdc3f4f') in 0.012414 seconds 
========================================================================
Received Import Request.
  Time since last request: 0.000049 seconds.
  path: Assets/Pixel Adventure 1/Assets/Terrain/Tiles/Terrain (16x16)_120.asset
  artifactKey: Guid(02f2a67a4b9aeaa488d1b4ddddb92154) Importer(815301076,1909f56bfc062723c751e8b465ee728b)
Start importing Assets/Pixel Adventure 1/Assets/Terrain/Tiles/Terrain (16x16)_120.asset using Guid(02f2a67a4b9aeaa488d1b4ddddb92154) Importer(815301076,1909f56bfc062723c751e8b465ee728b)  -> (artifact id: '6443bacc4e7e0c210f9f9e5b62774bd3') in 0.013291 seconds 
========================================================================
Received Import Request.
  Time since last request: 0.000030 seconds.
  path: Assets/Pixel Adventure 1/Assets/Terrain/Tiles/Terrain (16x16)_116.asset
  artifactKey: Guid(8c0d074ba1f177d498e9b210deb8ffa8) Importer(815301076,1909f56bfc062723c751e8b465ee728b)
Start importing Assets/Pixel Adventure 1/Assets/Terrain/Tiles/Terrain (16x16)_116.asset using Guid(8c0d074ba1f177d498e9b210deb8ffa8) Importer(815301076,1909f56bfc062723c751e8b465ee728b)  -> (artifact id: '7ef3589c6995c2fefff6cdc830a54b38') in 0.013413 seconds 
========================================================================
Received Import Request.
  Time since last request: 0.000046 seconds.
  path: Assets/Pixel Adventure 1/Assets/Terrain/Tiles/Terrain (16x16)_111.asset
  artifactKey: Guid(5bb2ca98037cb2942be437ff3b99908d) Importer(815301076,1909f56bfc062723c751e8b465ee728b)
Start importing Assets/Pixel Adventure 1/Assets/Terrain/Tiles/Terrain (16x16)_111.asset using Guid(5bb2ca98037cb2942be437ff3b99908d) Importer(815301076,1909f56bfc062723c751e8b465ee728b)  -> (artifact id: '10ebab8706047174e3bef8662aeb7832') in 0.015262 seconds 
========================================================================
Received Import Request.
  Time since last request: 0.169033 seconds.
  path: Assets/Pixel Adventure 1/Assets/Terrain/Tiles/Terrain (16x16)_122.asset
  artifactKey: Guid(ff74738677c2f2d4b81ccc83e30ed350) Importer(815301076,1909f56bfc062723c751e8b465ee728b)
Start importing Assets/Pixel Adventure 1/Assets/Terrain/Tiles/Terrain (16x16)_122.asset using Guid(ff74738677c2f2d4b81ccc83e30ed350) Importer(815301076,1909f56bfc062723c751e8b465ee728b)  -> (artifact id: '630c90b3bdf58aa930a9d349d7b2cb6b') in 0.011022 seconds 
========================================================================
Received Import Request.
  Time since last request: 0.000032 seconds.
  path: Assets/Pixel Adventure 1/Assets/Terrain/Tiles/Terrain (16x16)_130.asset
  artifactKey: Guid(8913d50464dfb8a4dadeb93ed243dc9a) Importer(815301076,1909f56bfc062723c751e8b465ee728b)
Start importing Assets/Pixel Adventure 1/Assets/Terrain/Tiles/Terrain (16x16)_130.asset using Guid(8913d50464dfb8a4dadeb93ed243dc9a) Importer(815301076,1909f56bfc062723c751e8b465ee728b)  -> (artifact id: 'ddb5683bd07ed7df7639f415508a01fa') in 0.014640 seconds 
========================================================================
Received Import Request.
  Time since last request: 0.000030 seconds.
  path: Assets/Pixel Adventure 1/Assets/Terrain/Tiles/Terrain (16x16)_132.asset
  artifactKey: Guid(c47123f9d7885934ab4b10e3022d6785) Importer(815301076,1909f56bfc062723c751e8b465ee728b)
Start importing Assets/Pixel Adventure 1/Assets/Terrain/Tiles/Terrain (16x16)_132.asset using Guid(c47123f9d7885934ab4b10e3022d6785) Importer(815301076,1909f56bfc062723c751e8b465ee728b)  -> (artifact id: '6829be873ab46074f983e231702ce30b') in 0.012234 seconds 
========================================================================
Received Import Request.
  Time since last request: 0.000045 seconds.
  path: Assets/Pixel Adventure 1/Assets/Terrain/Tiles/Terrain (16x16)_127.asset
  artifactKey: Guid(7e811285920868043b4a5a44a72d5da9) Importer(815301076,1909f56bfc062723c751e8b465ee728b)
Start importing Assets/Pixel Adventure 1/Assets/Terrain/Tiles/Terrain (16x16)_127.asset using Guid(7e811285920868043b4a5a44a72d5da9) Importer(815301076,1909f56bfc062723c751e8b465ee728b)  -> (artifact id: '6ec5a2310c6d6260f05fc2b7ddc25d74') in 0.015199 seconds 
========================================================================
Received Import Request.
  Time since last request: 0.000044 seconds.
  path: Assets/Pixel Adventure 1/Assets/Terrain/Tiles/Terrain (16x16)_123.asset
  artifactKey: Guid(a45d7e70ee9c2cd4ea3a4266d37dfc26) Importer(815301076,1909f56bfc062723c751e8b465ee728b)
Start importing Assets/Pixel Adventure 1/Assets/Terrain/Tiles/Terrain (16x16)_123.asset using Guid(a45d7e70ee9c2cd4ea3a4266d37dfc26) Importer(815301076,1909f56bfc062723c751e8b465ee728b)  -> (artifact id: '629d194feadf27f4f4019b74c5f2dde6') in 0.014042 seconds 
========================================================================
Received Import Request.
  Time since last request: 0.000072 seconds.
  path: Assets/Pixel Adventure 1/Assets/Terrain/Tiles/Terrain (16x16)_126.asset
  artifactKey: Guid(e612a7d526c474b4e8b7cbb30c27d142) Importer(815301076,1909f56bfc062723c751e8b465ee728b)
Start importing Assets/Pixel Adventure 1/Assets/Terrain/Tiles/Terrain (16x16)_126.asset using Guid(e612a7d526c474b4e8b7cbb30c27d142) Importer(815301076,1909f56bfc062723c751e8b465ee728b)  -> (artifact id: '463d896a1589a5b7b95274d61734afe9') in 0.014560 seconds 
========================================================================
Received Import Request.
  Time since last request: 0.493329 seconds.
  path: Assets/Pixel Adventure 1/Assets/Terrain/Tiles/Terrain (16x16)_134.asset
  artifactKey: Guid(df52853a303ec4043b0ff7242a2f579c) Importer(815301076,1909f56bfc062723c751e8b465ee728b)
Start importing Assets/Pixel Adventure 1/Assets/Terrain/Tiles/Terrain (16x16)_134.asset using Guid(df52853a303ec4043b0ff7242a2f579c) Importer(815301076,1909f56bfc062723c751e8b465ee728b)  -> (artifact id: 'ad4a289817eb4b7d7c0602d4a5d10b10') in 0.014658 seconds 
========================================================================
Received Import Request.
  Time since last request: 0.000023 seconds.
  path: Assets/Pixel Adventure 1/Assets/Terrain/Tiles/Terrain (16x16)_139.asset
  artifactKey: Guid(1a0fd131882ebb7419e00ed877d401e5) Importer(815301076,1909f56bfc062723c751e8b465ee728b)
Start importing Assets/Pixel Adventure 1/Assets/Terrain/Tiles/Terrain (16x16)_139.asset using Guid(1a0fd131882ebb7419e00ed877d401e5) Importer(815301076,1909f56bfc062723c751e8b465ee728b)  -> (artifact id: 'a3829c0bc2a64645e7304aa28824fb74') in 0.014140 seconds 
========================================================================
Received Import Request.
  Time since last request: 0.000027 seconds.
  path: Assets/Pixel Adventure 1/Assets/Terrain/Tiles/Terrain (16x16)_136.asset
  artifactKey: Guid(9c2df7fde8bfbb3479cf7d6d4c3724a9) Importer(815301076,1909f56bfc062723c751e8b465ee728b)
Start importing Assets/Pixel Adventure 1/Assets/Terrain/Tiles/Terrain (16x16)_136.asset using Guid(9c2df7fde8bfbb3479cf7d6d4c3724a9) Importer(815301076,1909f56bfc062723c751e8b465ee728b)  -> (artifact id: 'be19cca7bf2519dc5776ef64ee9fec77') in 0.017863 seconds 
========================================================================
Received Import Request.
  Time since last request: 0.000038 seconds.
  path: Assets/Pixel Adventure 1/Assets/Terrain/Tiles/Terrain (16x16)_135.asset
  artifactKey: Guid(3f86ccfded895364797a20bb0425bfc2) Importer(815301076,1909f56bfc062723c751e8b465ee728b)
Start importing Assets/Pixel Adventure 1/Assets/Terrain/Tiles/Terrain (16x16)_135.asset using Guid(3f86ccfded895364797a20bb0425bfc2) Importer(815301076,1909f56bfc062723c751e8b465ee728b)  -> (artifact id: '2858ab73f8f07212040c702a1f6d6e33') in 0.020457 seconds 
========================================================================
Received Import Request.
  Time since last request: 0.000032 seconds.
  path: Assets/Pixel Adventure 1/Assets/Terrain/Tiles/Terrain (16x16)_143.asset
  artifactKey: Guid(4bbe52d208e87bd4ab44d7f0fb4f6b60) Importer(815301076,1909f56bfc062723c751e8b465ee728b)
Start importing Assets/Pixel Adventure 1/Assets/Terrain/Tiles/Terrain (16x16)_143.asset using Guid(4bbe52d208e87bd4ab44d7f0fb4f6b60) Importer(815301076,1909f56bfc062723c751e8b465ee728b)  -> (artifact id: '00de26d4a0d78daef1d445d55423002a') in 0.018308 seconds 
Editor requested this worker to shutdown with reason: Scaling down because of idle timeout
AssetImportWorker is now disconnected from the server
Process exiting
Exiting without the bug reporter. Application will terminate with return code 0